<?xml version="1.0" encoding="UTF-8"?>
<!-- Generated by org.testng.reporters.JUnitReportReporter -->
<testsuite hostname="KUMARAN" failures="0" tests="4" name="com.testng.Testng_Features" time="0.036" errors="0" timestamp="2022-10-21T11:08:38 IST" skipped="2">
  <testcase classname="com.testng.Testng_Features" name="jan" time="0.007"/>
  <system-out/>
  <testcase classname="com.testng.Testng_Features" name="feb" time="0.029"/>
  <system-out/>
  <testcase classname="com.testng.Testng_Features" name="tuesday">
    <skipped/>
  </testcase> <!-- tuesday -->
  <system-out/>
  <testcase classname="com.testng.Testng_Features" name="thrusday">
    <skipped/>
  </testcase> <!-- thrusday -->
  <system-out/>
</testsuite> <!-- com.testng.Testng_Features -->
