<?xml version="1.0" encoding="UTF-8"?>
<!-- Generated by org.testng.reporters.JUnitReportReporter -->
<testsuite hostname="KUMARAN" failures="0" tests="5" name="com.testng.Testng_Features_1" time="0.046" errors="0" timestamp="2022-10-21T11:09:19 IST" skipped="2">
  <testcase classname="com.testng.Testng_Features_1" name="feb" time="0.027"/>
  <system-out/>
  <testcase classname="com.testng.Testng_Features_1" name="wednesday" time="0.012"/>
  <system-out/>
  <testcase classname="com.testng.Testng_Features_1" name="jan" time="0.007"/>
  <system-out/>
  <testcase classname="com.testng.Testng_Features_1" name="tuesday">
    <skipped/>
  </testcase> <!-- tuesday -->
  <system-out/>
  <testcase classname="com.testng.Testng_Features_1" name="thrusday">
    <skipped/>
  </testcase> <!-- thrusday -->
  <system-out/>
</testsuite> <!-- com.testng.Testng_Features_1 -->
